Determining if the pthread_create exist failed with the following output:
Change Dir: /home/sherif/ROS/mower/src/mower_gazebo/plugins/Sensor/build/CMakeFiles/CMakeTmp

Run Build Command:"/usr/bin/make" "cmTC_89ba3/fast"
/usr/bin/make -f CMakeFiles/cmTC_89ba3.dir/build.make CMakeFiles/cmTC_89ba3.dir/build
make[1]: Entering directory '/home/sherif/ROS/mower/src/mower_gazebo/plugins/Sensor/build/CMakeFiles/CMakeTmp'
Building C object CMakeFiles/cmTC_89ba3.dir/CheckSymbolExists.c.o
/usr/bin/cc     -o CMakeFiles/cmTC_89ba3.dir/CheckSymbolExists.c.o   -c /home/sherif/ROS/mower/src/mower_gazebo/plugins/Sensor/build/CMakeFiles/CMakeTmp/CheckSymbolExists.c
Linking C executable cmTC_89ba3
/usr/bin/cmake -E cmake_link_script CMakeFiles/cmTC_89ba3.dir/link.txt --verbose=1
/usr/bin/cc       CMakeFiles/cmTC_89ba3.dir/CheckSymbolExists.c.o  -o cmTC_89ba3 -rdynamic 
CMakeFiles/cmTC_89ba3.dir/CheckSymbolExists.c.o: In function `main':
CheckSymbolExists.c:(.text+0x16): undefined reference to `pthread_create'
collect2: error: ld returned 1 exit status
CMakeFiles/cmTC_89ba3.dir/build.make:97: recipe for target 'cmTC_89ba3' failed
make[1]: *** [cmTC_89ba3] Error 1
make[1]: Leaving directory '/home/sherif/ROS/mower/src/mower_gazebo/plugins/Sensor/build/CMakeFiles/CMakeTmp'
Makefile:126: recipe for target 'cmTC_89ba3/fast' failed
make: *** [cmTC_89ba3/fast] Error 2

File /home/sherif/ROS/mower/src/mower_gazebo/plugins/Sensor/build/CMakeFiles/CMakeTmp/CheckSymbolExists.c:
/* */
#include <pthread.h>

int main(int argc, char** argv)
{
  (void)argv;
#ifndef pthread_create
  return ((int*)(&pthread_create))[argc];
#else
  (void)argc;
  return 0;
#endif
}

Determining if the function pthread_create exists in the pthreads failed with the following output:
Change Dir: /home/sherif/ROS/mower/src/mower_gazebo/plugins/Sensor/build/CMakeFiles/CMakeTmp

Run Build Command:"/usr/bin/make" "cmTC_a598e/fast"
/usr/bin/make -f CMakeFiles/cmTC_a598e.dir/build.make CMakeFiles/cmTC_a598e.dir/build
make[1]: Entering directory '/home/sherif/ROS/mower/src/mower_gazebo/plugins/Sensor/build/CMakeFiles/CMakeTmp'
Building C object CMakeFiles/cmTC_a598e.dir/CheckFunctionExists.c.o
/usr/bin/cc    -DCHECK_FUNCTION_EXISTS=pthread_create   -o CMakeFiles/cmTC_a598e.dir/CheckFunctionExists.c.o   -c /usr/share/cmake-3.5/Modules/CheckFunctionExists.c
Linking C executable cmTC_a598e
/usr/bin/cmake -E cmake_link_script CMakeFiles/cmTC_a598e.dir/link.txt --verbose=1
/usr/bin/cc   -DCHECK_FUNCTION_EXISTS=pthread_create    CMakeFiles/cmTC_a598e.dir/CheckFunctionExists.c.o  -o cmTC_a598e -rdynamic -lpthreads 
/usr/bin/ld: cannot find -lpthreads
collect2: error: ld returned 1 exit status
CMakeFiles/cmTC_a598e.dir/build.make:97: recipe for target 'cmTC_a598e' failed
make[1]: *** [cmTC_a598e] Error 1
make[1]: Leaving directory '/home/sherif/ROS/mower/src/mower_gazebo/plugins/Sensor/build/CMakeFiles/CMakeTmp'
Makefile:126: recipe for target 'cmTC_a598e/fast' failed
make: *** [cmTC_a598e/fast] Error 2


